<?xml version="1.0" encoding="UTF-8"?>
<!-- Generated by org.testng.reporters.JUnitReportReporter -->
<testsuite hostname="LAPTOP-8RCNRL5N" failures="0" tests="4" name="com.croma.testng.CalculatorFeature" time="0.011" errors="0" timestamp="08 May 2021 14:11:01 GMT" skipped="0">
  <testcase classname="com.croma.testng.CalculatorFeature" name="div" time="0.005"/>
  <testcase classname="com.croma.testng.CalculatorFeature" name="mult" time="0.003"/>
  <testcase classname="com.croma.testng.CalculatorFeature" name="sub" time="0.001"/>
  <testcase classname="com.croma.testng.CalculatorFeature" name="add" time="0.002"/>
</testsuite> <!-- com.croma.testng.CalculatorFeature -->
