<?xml version="1.0" encoding="UTF-8"?>
<!-- Generated by org.testng.reporters.JUnitReportReporter -->
<testsuite hostname="LAPTOP-8RCNRL5N" failures="0" tests="1" name="com.croma.testng.Sum" time="0.016" errors="0" timestamp="08 May 2021 14:11:01 GMT" skipped="0">
  <testcase classname="com.croma.testng.Sum" name="add" time="0.016"/>
</testsuite> <!-- com.croma.testng.Sum -->
