<?xml version="1.0" encoding="UTF-8"?>
<!-- Generated by org.testng.reporters.JUnitReportReporter -->
<testsuite hostname="LAPTOP-8RCNRL5N" failures="0" tests="1" name="com.croma.testng.MutiBrowserExample" time="5.436" errors="0" timestamp="12 May 2021 16:54:40 GMT" skipped="0">
  <testcase classname="com.croma.testng.MutiBrowserExample" name="test" time="5.436"/>
</testsuite> <!-- com.croma.testng.MutiBrowserExample -->
