<?xml version="1.0" encoding="UTF-8"?>
<!-- Generated by org.testng.reporters.JUnitReportReporter -->
<testsuite hostname="LAPTOP-8RCNRL5N" failures="0" tests="1" name="com.croma.testng.TestNGTestTwo" time="7.165" errors="0" timestamp="06 May 2021 16:41:32 GMT" skipped="0">
  <testcase classname="com.croma.testng.TestNGTestTwo" name="f" time="7.165"/>
</testsuite> <!-- com.croma.testng.TestNGTestTwo -->
