<?xml version="1.0" encoding="UTF-8"?>
<!-- Generated by org.testng.reporters.JUnitReportReporter -->
<testsuite hostname="LAPTOP-8RCNRL5N" failures="0" tests="3" name="com.croma.listeners.TestNgListnerDemo2" time="0.004" errors="0" timestamp="13 May 2021 07:17:51 GMT" skipped="0">
  <testcase classname="com.croma.listeners.TestNgListnerDemo2" name="test8" time="0.002"/>
  <testcase classname="com.croma.listeners.TestNgListnerDemo2" name="test7" time="0.001"/>
  <testcase classname="com.croma.listeners.TestNgListnerDemo2" name="test6" time="0.001"/>
</testsuite> <!-- com.croma.listeners.TestNgListnerDemo2 -->
