<?xml version="1.0" encoding="UTF-8"?>
<!-- Generated by org.testng.reporters.JUnitReportReporter -->
<testsuite hostname="LAPTOP-8RCNRL5N" failures="0" tests="4" name="com.croma.testng.GmailTest" time="0.009" errors="0" timestamp="06 May 2021 16:41:32 GMT" skipped="0">
  <testcase classname="com.croma.testng.GmailTest" name="LogoutTest" time="0.002"/>
  <testcase classname="com.croma.testng.GmailTest" name="LoginTest" time="0.003"/>
  <testcase classname="com.croma.testng.GmailTest" name="a_method" time="0.002"/>
  <testcase classname="com.croma.testng.GmailTest" name="b_method" time="0.002"/>
</testsuite> <!-- com.croma.testng.GmailTest -->
