<?xml version="1.0" encoding="UTF-8"?>
<!-- Generated by org.testng.reporters.JUnitReportReporter -->
<testsuite hostname="LAPTOP-8RCNRL5N" failures="0" tests="6" name="com.croma.testng.TestNGGroupExample" time="0.025" errors="0" timestamp="12 May 2021 16:11:18 GMT" skipped="0">
  <testcase classname="com.croma.testng.TestNGGroupExample" name="test2" time="0.002"/>
  <testcase classname="com.croma.testng.TestNGGroupExample" name="test3" time="0.002"/>
  <testcase classname="com.croma.testng.TestNGGroupExample" name="test1" time="0.015"/>
  <testcase classname="com.croma.testng.TestNGGroupExample" name="test4" time="0.002"/>
  <testcase classname="com.croma.testng.TestNGGroupExample" name="test6" time="0.002"/>
  <testcase classname="com.croma.testng.TestNGGroupExample" name="test5" time="0.002"/>
</testsuite> <!-- com.croma.testng.TestNGGroupExample -->
