<?xml version="1.0" encoding="UTF-8"?>
<!-- Generated by org.testng.reporters.JUnitReportReporter -->
<testsuite hostname="LAPTOP-8RCNRL5N" failures="0" tests="3" name="com.croma.testng.GroupExmp" time="0.020" errors="0" timestamp="10 May 2021 16:21:09 GMT" skipped="0">
  <testcase classname="com.croma.testng.GroupExmp" name="checkTitle" time="0.002"/>
  <testcase classname="com.croma.testng.GroupExmp" name="Exclude" time="0.016"/>
  <testcase classname="com.croma.testng.GroupExmp" name="click_element" time="0.002"/>
</testsuite> <!-- com.croma.testng.GroupExmp -->
