<?xml version="1.0" encoding="UTF-8"?>
<!-- Generated by org.testng.reporters.JUnitReportReporter -->
<testsuite hostname="LAPTOP-8RCNRL5N" failures="0" tests="2" name="com.croma.testng.TestExample" time="0.012" errors="0" timestamp="21 May 2021 16:08:04 GMT" skipped="0">
  <testcase classname="com.croma.testng.TestExample" name="f" time="0.009"/>
  <testcase classname="com.croma.testng.TestExample" name="f" time="0.003"/>
</testsuite> <!-- com.croma.testng.TestExample -->
