<?xml version="1.0" encoding="UTF-8"?>
<!-- Generated by org.testng.reporters.JUnitReportReporter -->
<testsuite hostname="LAPTOP-8RCNRL5N" failures="0" tests="1" name="com.croma.testng.Multibrowser1" time="5.572" errors="0" timestamp="13 May 2021 06:51:03 GMT" skipped="0">
  <testcase classname="com.croma.testng.Multibrowser1" name="test" time="5.572"/>
</testsuite> <!-- com.croma.testng.Multibrowser1 -->
