<?xml version="1.0" encoding="UTF-8"?>
<!-- Generated by org.testng.reporters.JUnitReportReporter -->
<testsuite hostname="LAPTOP-8RCNRL5N" failures="0" tests="4" name="com.croma.testng.TestNGPriorityExample" time="0.022" errors="0" timestamp="10 May 2021 16:10:46 GMT" skipped="0">
  <testcase classname="com.croma.testng.TestNGPriorityExample" name="four" time="0.014"/>
  <testcase classname="com.croma.testng.TestNGPriorityExample" name="one" time="0.004"/>
  <testcase classname="com.croma.testng.TestNGPriorityExample" name="three" time="0.002"/>
  <testcase classname="com.croma.testng.TestNGPriorityExample" name="two" time="0.002"/>
</testsuite> <!-- com.croma.testng.TestNGPriorityExample -->
