<?xml version="1.0" encoding="UTF-8"?>
<!-- Generated by org.testng.reporters.JUnitReportReporter -->
<testsuite hostname="LAPTOP-8RCNRL5N" failures="0" tests="2" name="com.croma.testng.NewTest" time="0.011" errors="0" timestamp="2021-05-05T21:20:16 IST" skipped="0">
  <testcase classname="com.croma.testng.NewTest" name="testCase1" time="0.008"/>
  <system-out/>
  <testcase classname="com.croma.testng.NewTest" name="testCase2" time="0.003"/>
  <system-out/>
</testsuite> <!-- com.croma.testng.NewTest -->
