<?xml version="1.0" encoding="UTF-8"?>
<!-- Generated by org.testng.reporters.JUnitReportReporter -->
<testsuite hostname="LAPTOP-8RCNRL5N" failures="0" tests="2" name="com.croma.listnersnew.TestNgIgnoreExample" time="0.021" errors="0" timestamp="21 May 2021 15:59:43 GMT" skipped="0">
  <testcase classname="com.croma.listnersnew.TestNgIgnoreExample" name="test1" time="0.019"/>
  <testcase classname="com.croma.listnersnew.TestNgIgnoreExample" name="test2" time="0.002"/>
</testsuite> <!-- com.croma.listnersnew.TestNgIgnoreExample -->
