<?xml version="1.0" encoding="UTF-8"?>
<!-- Generated by org.testng.reporters.JUnitReportReporter -->
<testsuite hostname="LAPTOP-8RCNRL5N" failures="0" tests="3" name="com.croma.listnersnew.TestNGListnerDemo2" time="0.015" errors="0" timestamp="13 May 2021 17:05:37 GMT" skipped="0">
  <testcase classname="com.croma.listnersnew.TestNGListnerDemo2" name="test6" time="0.009"/>
  <testcase classname="com.croma.listnersnew.TestNGListnerDemo2" name="test5" time="0.004"/>
  <testcase classname="com.croma.listnersnew.TestNGListnerDemo2" name="test4" time="0.002"/>
</testsuite> <!-- com.croma.listnersnew.TestNGListnerDemo2 -->
