<?xml version="1.0" encoding="UTF-8"?>
<!-- Generated by org.testng.reporters.JUnitReportReporter -->
<testsuite hostname="LAPTOP-8RCNRL5N" failures="0" tests="1" name="com.croma.testcases.AddCustomerTest" time="3.540" errors="0" timestamp="31 May 2021 14:33:39 GMT" skipped="0">
  <testcase classname="com.croma.testcases.AddCustomerTest" name="addCutomer" time="3.540"/>
</testsuite> <!-- com.croma.testcases.AddCustomerTest -->
