<?xml version="1.0" encoding="UTF-8"?>
<!-- Generated by org.testng.reporters.JUnitReportReporter -->
<testsuite hostname="LAPTOP-8RCNRL5N" failures="0" tests="1" name="testcases.NewTest" time="0.019" errors="0" timestamp="03 May 2021 09:25:41 GMT" skipped="0">
  <testcase classname="testcases.NewTest" name="verifyHomepageTitle" time="0.019"/>
</testsuite> <!-- testcases.NewTest -->
